2025-05-06 13:38:14,832 DEBUG    root            Loaded Command Group: ['gcloud', 'components']
2025-05-06 13:38:14,834 DEBUG    root            Loaded Command Group: ['gcloud', 'components', 'update']
2025-05-06 13:38:14,836 DEBUG    root            Running [gcloud.components.update] with arguments: [--quiet: "True", COMPONENT-IDS:8: "['gcloud', 'core', 'bq', 'gsutil', 'compute', 'preview', 'alpha', 'beta']"]
2025-05-06 13:38:14,837 INFO     ___FILE_ONLY___ Beginning update. This process may take several minutes.

2025-05-06 13:38:14,845 DEBUG    urllib3.connectionpool Starting new HTTPS connection (1): dl.google.com:443
2025-05-06 13:38:14,882 DEBUG    urllib3.connectionpool https://dl.google.com:443 "GET /dl/cloudsdk/channels/rapid/components-2.json HTTP/11" 200 233992
2025-05-06 13:38:14,896 WARNING  root            Component [compute] no longer exists.
2025-05-06 13:38:14,896 INFO     ___FILE_ONLY___ 

2025-05-06 13:38:14,897 INFO     ___FILE_ONLY___ 
Your current Google Cloud CLI version is: 520.0.0

2025-05-06 13:38:14,897 INFO     ___FILE_ONLY___ Installing components from version: 520.0.0

2025-05-06 13:38:14,897 INFO     ___FILE_ONLY___ 

2025-05-06 13:38:14,897 DEBUG    root            Chosen display Format:table[box,title="These components will be removed."](details.display_name:label=Name:align=left,version.version_string:label=Version:align=right,data.size.size(zero="",min=1048576):label=Size:align=right)
2025-05-06 13:38:14,898 DEBUG    root            Chosen display Format:table[box,title="These components will be updated."](details.display_name:label=Name:align=left,version.version_string:label=Version:align=right,data.size.size(zero="",min=1048576):label=Size:align=right)
2025-05-06 13:38:14,898 DEBUG    root            Chosen display Format:table[box,title="These components will be installed."](details.display_name:label=Name:align=left,version.version_string:label=Version:align=right,data.size.size(zero="",min=1048576):label=Size:align=right)
2025-05-06 13:38:14,912 INFO     ___FILE_ONLY___ ┌────────────────────────────────────────────────┐
2025-05-06 13:38:14,913 INFO     ___FILE_ONLY___ 

2025-05-06 13:38:14,913 INFO     ___FILE_ONLY___ │      These components will be installed.       │
2025-05-06 13:38:14,913 INFO     ___FILE_ONLY___ 

2025-05-06 13:38:14,913 INFO     ___FILE_ONLY___ ├─────────────────────────┬────────────┬─────────┤
2025-05-06 13:38:14,913 INFO     ___FILE_ONLY___ 

2025-05-06 13:38:14,913 INFO     ___FILE_ONLY___ │           Name          │  Version   │   Size  │
2025-05-06 13:38:14,913 INFO     ___FILE_ONLY___ 

2025-05-06 13:38:14,913 INFO     ___FILE_ONLY___ ├─────────────────────────┼────────────┼─────────┤
2025-05-06 13:38:14,913 INFO     ___FILE_ONLY___ 

2025-05-06 13:38:14,913 INFO     ___FILE_ONLY___ │ 
2025-05-06 13:38:14,913 INFO     ___FILE_ONLY___ gcloud Alpha Commands  
2025-05-06 13:38:14,913 INFO     ___FILE_ONLY___  
2025-05-06 13:38:14,913 INFO     ___FILE_ONLY___ │ 
2025-05-06 13:38:14,913 INFO     ___FILE_ONLY___ 2025.04.25
2025-05-06 13:38:14,913 INFO     ___FILE_ONLY___  
2025-05-06 13:38:14,913 INFO     ___FILE_ONLY___ │ 
2025-05-06 13:38:14,913 INFO     ___FILE_ONLY___ < 1 MiB
2025-05-06 13:38:14,914 INFO     ___FILE_ONLY___  
2025-05-06 13:38:14,914 INFO     ___FILE_ONLY___ │
2025-05-06 13:38:14,914 INFO     ___FILE_ONLY___ 

2025-05-06 13:38:14,914 INFO     ___FILE_ONLY___ │ 
2025-05-06 13:38:14,914 INFO     ___FILE_ONLY___ gcloud Beta Commands   
2025-05-06 13:38:14,914 INFO     ___FILE_ONLY___  
2025-05-06 13:38:14,914 INFO     ___FILE_ONLY___ │ 
2025-05-06 13:38:14,914 INFO     ___FILE_ONLY___ 2025.04.25
2025-05-06 13:38:14,914 INFO     ___FILE_ONLY___  
2025-05-06 13:38:14,914 INFO     ___FILE_ONLY___ │ 
2025-05-06 13:38:14,914 INFO     ___FILE_ONLY___ < 1 MiB
2025-05-06 13:38:14,914 INFO     ___FILE_ONLY___  
2025-05-06 13:38:14,914 INFO     ___FILE_ONLY___ │
2025-05-06 13:38:14,914 INFO     ___FILE_ONLY___ 

2025-05-06 13:38:14,914 INFO     ___FILE_ONLY___ │ 
2025-05-06 13:38:14,914 INFO     ___FILE_ONLY___ gcloud Preview Commands
2025-05-06 13:38:14,914 INFO     ___FILE_ONLY___  
2025-05-06 13:38:14,914 INFO     ___FILE_ONLY___ │ 
2025-05-06 13:38:14,914 INFO     ___FILE_ONLY___           
2025-05-06 13:38:14,914 INFO     ___FILE_ONLY___  
2025-05-06 13:38:14,914 INFO     ___FILE_ONLY___ │ 
2025-05-06 13:38:14,915 INFO     ___FILE_ONLY___ < 1 MiB
2025-05-06 13:38:14,915 INFO     ___FILE_ONLY___  
2025-05-06 13:38:14,915 INFO     ___FILE_ONLY___ │
2025-05-06 13:38:14,915 INFO     ___FILE_ONLY___ 

2025-05-06 13:38:14,915 INFO     ___FILE_ONLY___ └─────────────────────────┴────────────┴─────────┘
2025-05-06 13:38:14,915 INFO     ___FILE_ONLY___ 

2025-05-06 13:38:14,915 INFO     ___FILE_ONLY___ 

2025-05-06 13:38:14,918 DEBUG    urllib3.connectionpool Starting new HTTPS connection (1): dl.google.com:443
2025-05-06 13:38:14,963 DEBUG    urllib3.connectionpool https://dl.google.com:443 "GET /dl/cloudsdk/channels/rapid/RELEASE_NOTES HTTP/11" 200 1405747
2025-05-06 13:38:15,578 INFO     ___FILE_ONLY___ For the latest full release notes, please visit:
  https://cloud.google.com/sdk/release_notes


2025-05-06 13:38:15,578 INFO     ___FILE_ONLY___ Performing in place update...


2025-05-06 13:38:15,580 INFO     ___FILE_ONLY___ ╔════════════════════════════════════════════════════════════╗

2025-05-06 13:38:15,580 INFO     ___FILE_ONLY___ ╠═ Downloading: gcloud Alpha Commands                       ═╣

2025-05-06 13:38:15,580 INFO     ___FILE_ONLY___ ╚
2025-05-06 13:38:15,583 DEBUG    urllib3.connectionpool Starting new HTTPS connection (1): dl.google.com:443
2025-05-06 13:38:15,673 DEBUG    urllib3.connectionpool https://dl.google.com:443 "GET /dl/cloudsdk/channels/rapid/components/google-cloud-sdk-alpha-20250425151051.tar.gz HTTP/11" 200 800
2025-05-06 13:38:15,673 INFO     ___FILE_ONLY___ ════════════════════════════════════════════════════════════
2025-05-06 13:38:15,673 INFO     ___FILE_ONLY___ ╝

2025-05-06 13:38:15,675 INFO     ___FILE_ONLY___ ╔════════════════════════════════════════════════════════════╗

2025-05-06 13:38:15,676 INFO     ___FILE_ONLY___ ╠═ Downloading: gcloud Beta Commands                        ═╣

2025-05-06 13:38:15,676 INFO     ___FILE_ONLY___ ╚
2025-05-06 13:38:15,679 DEBUG    urllib3.connectionpool Starting new HTTPS connection (1): dl.google.com:443
2025-05-06 13:38:15,718 DEBUG    urllib3.connectionpool https://dl.google.com:443 "GET /dl/cloudsdk/channels/rapid/components/google-cloud-sdk-beta-20250425151051.tar.gz HTTP/11" 200 797
2025-05-06 13:38:15,718 INFO     ___FILE_ONLY___ ════════════════════════════════════════════════════════════
2025-05-06 13:38:15,719 INFO     ___FILE_ONLY___ ╝

2025-05-06 13:38:15,721 INFO     ___FILE_ONLY___ ╔════════════════════════════════════════════════════════════╗

2025-05-06 13:38:15,721 INFO     ___FILE_ONLY___ ╠═ Downloading: gcloud Preview Commands                     ═╣

2025-05-06 13:38:15,721 INFO     ___FILE_ONLY___ ╚
2025-05-06 13:38:15,724 DEBUG    urllib3.connectionpool Starting new HTTPS connection (1): dl.google.com:443
2025-05-06 13:38:15,813 DEBUG    urllib3.connectionpool https://dl.google.com:443 "GET /dl/cloudsdk/channels/rapid/components/google-cloud-sdk-preview-20241115154308.tar.gz HTTP/11" 200 823
2025-05-06 13:38:15,813 INFO     ___FILE_ONLY___ ════════════════════════════════════════════════════════════
2025-05-06 13:38:15,813 INFO     ___FILE_ONLY___ ╝

2025-05-06 13:38:15,815 INFO     ___FILE_ONLY___ ╔════════════════════════════════════════════════════════════╗

2025-05-06 13:38:15,816 INFO     ___FILE_ONLY___ ╠═ Installing: gcloud Alpha Commands                        ═╣

2025-05-06 13:38:15,816 INFO     ___FILE_ONLY___ ╚
2025-05-06 13:38:15,816 INFO     ___FILE_ONLY___ ════════════════════════════════════════════════════════════
2025-05-06 13:38:15,817 INFO     ___FILE_ONLY___ ╝

2025-05-06 13:38:15,822 INFO     ___FILE_ONLY___ ╔════════════════════════════════════════════════════════════╗

2025-05-06 13:38:15,822 INFO     ___FILE_ONLY___ ╠═ Installing: gcloud Beta Commands                         ═╣

2025-05-06 13:38:15,822 INFO     ___FILE_ONLY___ ╚
2025-05-06 13:38:15,823 INFO     ___FILE_ONLY___ ════════════════════════════════════════════════════════════
2025-05-06 13:38:15,823 INFO     ___FILE_ONLY___ ╝

2025-05-06 13:38:15,828 INFO     ___FILE_ONLY___ ╔════════════════════════════════════════════════════════════╗

2025-05-06 13:38:15,828 INFO     ___FILE_ONLY___ ╠═ Installing: gcloud Preview Commands                      ═╣

2025-05-06 13:38:15,828 INFO     ___FILE_ONLY___ ╚
2025-05-06 13:38:15,828 INFO     ___FILE_ONLY___ ════════════════════════════════════════════════════════════
2025-05-06 13:38:15,829 INFO     ___FILE_ONLY___ ╝

2025-05-06 13:38:15,833 DEBUG    root            Updating notification cache...
2025-05-06 13:38:15,834 INFO     ___FILE_ONLY___ 

2025-05-06 13:38:15,836 INFO     ___FILE_ONLY___ Performing post processing steps...
2025-05-06 13:38:15,836 DEBUG    root            Executing command: ['/tools/google-cloud-sdk/bin/gcloud', 'components', 'post-process']
2025-05-06 13:38:24,385 DEBUG    ___FILE_ONLY___ 
2025-05-06 13:38:24,385 DEBUG    ___FILE_ONLY___ 
2025-05-06 13:38:24,596 INFO     root            descriptor_list: [{'universeDomain': 'googleapis.com', 'universeShortName': '', 'authenticationDomain': 'auth.cloud.google.com', 'projectPrefix': '', 'cloudWebDomain': 'cloud.google.com', 'documentationDomain': 'cloud.google.com', 'version': '1.0.0', 'state': 'primary', 'artifactRegistryDomain': 'pkg.dev'}]
2025-05-06 13:38:24,597 INFO     ___FILE_ONLY___ 
Update done!


2025-05-06 13:38:24,599 DEBUG    root            Chosen display Format:none
2025-05-06 13:38:24,599 INFO     root            Display format: "none"
